# JRE version: Java(TM) SE Runtime Environment (7.0_51-b13) (build 1.7.0_51-b13)
# Java VM: Java HotSpot(TM) Client VM (24.51-b03 mixed mode linux-x86 )
Heap
 def new generation   total 52032K, used 21064K [0x6dc30000, 0x714a0000, 0x83180000)
  eden space 46272K,  41% used [0x6dc30000, 0x6ef16698, 0x70960000)
  from space 5760K,  29% used [0x70960000, 0x70b0bb40, 0x70f00000)
  to   space 5760K,   0% used [0x70f00000, 0x70f00000, 0x714a0000)
 tenured generation   total 115240K, used 92432K [0x83180000, 0x8a20a000, 0xadc30000)
   the space 115240K,  80% used [0x83180000, 0x88bc43d8, 0x88bc4400, 0x8a20a000)
 compacting perm gen  total 32512K, used 32264K [0xadc30000, 0xafbf0000, 0xb5c30000)
   the space 32512K,  99% used [0xadc30000, 0xafbb22a8, 0xafbb2400, 0xafbf0000)
GC Heap History (10 events):
Event: 74.857 GC heap before
{Heap before GC invocations=42 (full 7):
 def new generation   total 52032K, used 47904K [0x6dc30000, 0x714a0000, 0x83180000)
  eden space 46272K, 100% used [0x6dc30000, 0x70960000, 0x70960000)
  from space 5760K,  28% used [0x70f00000, 0x71098178, 0x714a0000)
  to   space 5760K,   0% used [0x70960000, 0x70960000, 0x70f00000)
 tenured generation   total 115240K, used 92432K [0x83180000, 0x8a20a000, 0xadc30000)
   the space 115240K,  80% used [0x83180000, 0x88bc43d8, 0x88bc4400, 0x8a20a000)
 compacting perm gen  total 32256K, used 32251K [0xadc30000, 0xafbb0000, 0xb5c30000)
   the space 32256K,  99% used [0xadc30000, 0xafbaee38, 0xafbaf000, 0xafbb0000)
No shared spaces configured.
Event: 74.863 GC heap after
Heap after GC invocations=43 (full 7):
 def new generation   total 52032K, used 1646K [0x6dc30000, 0x714a0000, 0x83180000)
  eden space 46272K,   0% used [0x6dc30000, 0x6dc30000, 0x70960000)
  from space 5760K,  28% used [0x70960000, 0x70afbb38, 0x70f00000)
  to   space 5760K,   0% used [0x70f00000, 0x70f00000, 0x714a0000)
 tenured generation   total 115240K, used 92432K [0x83180000, 0x8a20a000, 0xadc30000)
   the space 115240K,  80% used [0x83180000, 0x88bc43d8, 0x88bc4400, 0x8a20a000)
 compacting perm gen  total 32256K, used 32251K [0xadc30000, 0xafbb0000, 0xb5c30000)
   the space 32256K,  99% used [0xadc30000, 0xafbaee38, 0xafbaf000, 0xafbb0000)
No shared spaces configured.
}
Event: 79.071 GC heap before
{Heap before GC invocations=43 (full 7):
 def new generation   total 52032K, used 47918K [0x6dc30000, 0x714a0000, 0x83180000)
  eden space 46272K, 100% used [0x6dc30000, 0x70960000, 0x70960000)
  from space 5760K,  28% used [0x70960000, 0x70afbb38, 0x70f00000)
  to   space 5760K,   0% used [0x70f00000, 0x70f00000, 0x714a0000)
 tenured generation   total 115240K, used 92432K [0x83180000, 0x8a20a000, 0xadc30000)
   the space 115240K,  80% used [0x83180000, 0x88bc43d8, 0x88bc4400, 0x8a20a000)
 compacting perm gen  total 32256K, used 32253K [0xadc30000, 0xafbb0000, 0xb5c30000)
   the space 32256K,  99% used [0xadc30000, 0xafbaf720, 0xafbaf800, 0xafbb0000)
No shared spaces configured.
Event: 79.078 GC heap after
Heap after GC invocations=44 (full 7):
 def new generation   total 52032K, used 1643K [0x6dc30000, 0x714a0000, 0x83180000)
  eden space 46272K,   0% used [0x6dc30000, 0x6dc30000, 0x70960000)
  from space 5760K,  28% used [0x70f00000, 0x7109afa0, 0x714a0000)
  to   space 5760K,   0% used [0x70960000, 0x70960000, 0x70f00000)
 tenured generation   total 115240K, used 92432K [0x83180000, 0x8a20a000, 0xadc30000)
   the space 115240K,  80% used [0x83180000, 0x88bc43d8, 0x88bc4400, 0x8a20a000)
 compacting perm gen  total 32256K, used 32253K [0xadc30000, 0xafbb0000, 0xb5c30000)
   the space 32256K,  99% used [0xadc30000, 0xafbaf720, 0xafbaf800, 0xafbb0000)
No shared spaces configured.
}
Event: 87.897 GC heap before
{Heap before GC invocations=44 (full 7):
 def new generation   total 52032K, used 47915K [0x6dc30000, 0x714a0000, 0x83180000)
  eden space 46272K, 100% used [0x6dc30000, 0x70960000, 0x70960000)
  from space 5760K,  28% used [0x70f00000, 0x7109afa0, 0x714a0000)
  to   space 5760K,   0% used [0x70960000, 0x70960000, 0x70f00000)
 tenured generation   total 115240K, used 92432K [0x83180000, 0x8a20a000, 0xadc30000)
   the space 115240K,  80% used [0x83180000, 0x88bc43d8, 0x88bc4400, 0x8a20a000)
 compacting perm gen  total 32512K, used 32262K [0xadc30000, 0xafbf0000, 0xb5c30000)
   the space 32512K,  99% used [0xadc30000, 0xafbb1b20, 0xafbb1c00, 0xafbf0000)
No shared spaces configured.
Event: 87.906 GC heap after
Heap after GC invocations=45 (full 7):
 def new generation   total 52032K, used 1751K [0x6dc30000, 0x714a0000, 0x83180000)
  eden space 46272K,   0% used [0x6dc30000, 0x6dc30000, 0x70960000)
  from space 5760K,  30% used [0x70960000, 0x70b15ee8, 0x70f00000)
  to   space 5760K,   0% used [0x70f00000, 0x70f00000, 0x714a0000)
 tenured generation   total 115240K, used 92432K [0x83180000, 0x8a20a000, 0xadc30000)
   the space 115240K,  80% used [0x83180000, 0x88bc43d8, 0x88bc4400, 0x8a20a000)
 compacting perm gen  total 32512K, used 32262K [0xadc30000, 0xafbf0000, 0xb5c30000)
   the space 32512K,  99% used [0xadc30000, 0xafbb1b20, 0xafbb1c00, 0xafbf0000)
No shared spaces configured.
}
Event: 91.476 GC heap before
{Heap before GC invocations=45 (full 7):
 def new generation   total 52032K, used 47994K [0x6dc30000, 0x714a0000, 0x83180000)
  eden space 46272K,  99% used [0x6dc30000, 0x70958b90, 0x70960000)
  from space 5760K,  30% used [0x70960000, 0x70b15ee8, 0x70f00000)
  to   space 5760K,   0% used [0x70f00000, 0x70f00000, 0x714a0000)
 tenured generation   total 115240K, used 92432K [0x83180000, 0x8a20a000, 0xadc30000)
   the space 115240K,  80% used [0x83180000, 0x88bc43d8, 0x88bc4400, 0x8a20a000)
 compacting perm gen  total 32512K, used 32262K [0xadc30000, 0xafbf0000, 0xb5c30000)
   the space 32512K,  99% used [0xadc30000, 0xafbb1b30, 0xafbb1c00, 0xafbf0000)
No shared spaces configured.
Event: 91.482 GC heap after
Heap after GC invocations=46 (full 7):
 def new generation   total 52032K, used 1744K [0x6dc30000, 0x714a0000, 0x83180000)
  eden space 46272K,   0% used [0x6dc30000, 0x6dc30000, 0x70960000)
  from space 5760K,  30% used [0x70f00000, 0x710b4268, 0x714a0000)
  to   space 5760K,   0% used [0x70960000, 0x70960000, 0x70f00000)
 tenured generation   total 115240K, used 92432K [0x83180000, 0x8a20a000, 0xadc30000)
   the space 115240K,  80% used [0x83180000, 0x88bc43d8, 0x88bc4400, 0x8a20a000)
 compacting perm gen  total 32512K, used 32262K [0xadc30000, 0xafbf0000, 0xb5c30000)
   the space 32512K,  99% used [0xadc30000, 0xafbb1b30, 0xafbb1c00, 0xafbf0000)
No shared spaces configured.
}
Event: 96.364 GC heap before
{Heap before GC invocations=46 (full 7):
 def new generation   total 52032K, used 48016K [0x6dc30000, 0x714a0000, 0x83180000)
  eden space 46272K, 100% used [0x6dc30000, 0x70960000, 0x70960000)
  from space 5760K,  30% used [0x70f00000, 0x710b4268, 0x714a0000)
  to   space 5760K,   0% used [0x70960000, 0x70960000, 0x70f00000)
 tenured generation   total 115240K, used 92432K [0x83180000, 0x8a20a000, 0xadc30000)
   the space 115240K,  80% used [0x83180000, 0x88bc43d8, 0x88bc4400, 0x8a20a000)
 compacting perm gen  total 32512K, used 32263K [0xadc30000, 0xafbf0000, 0xb5c30000)
   the space 32512K,  99% used [0xadc30000, 0xafbb1c80, 0xafbb1e00, 0xafbf0000)
No shared spaces configured.
Event: 96.372 GC heap after
Heap after GC invocations=47 (full 7):
 def new generation   total 52032K, used 1710K [0x6dc30000, 0x714a0000, 0x83180000)
  eden space 46272K,   0% used [0x6dc30000, 0x6dc30000, 0x70960000)
  from space 5760K,  29% used [0x70960000, 0x70b0bb40, 0x70f00000)
  to   space 5760K,   0% used [0x70f00000, 0x70f00000, 0x714a0000)
 tenured generation   total 115240K, used 92432K [0x83180000, 0x8a20a000, 0xadc30000)
   the space 115240K,  80% used [0x83180000, 0x88bc43d8, 0x88bc4400, 0x8a20a000)
 compacting perm gen  total 32512K, used 32263K [0xadc30000, 0xafbf0000, 0xb5c30000)
   the space 32512K,  99% used [0xadc30000, 0xafbb1c80, 0xafbb1e00, 0xafbf0000)
No shared spaces configured.
}

