# JRE version: Java(TM) SE Runtime Environment (7.0_51-b13) (build 1.7.0_51-b13)
# Java VM: Java HotSpot(TM) Client VM (24.51-b03 mixed mode linux-x86 )
Heap
 def new generation   total 34816K, used 29648K [0x6dc70000, 0x70230000, 0x831c0000)
  eden space 30976K,  94% used [0x6dc70000, 0x6f9066f8, 0x6fab0000)
  from space 3840K,   9% used [0x6fe70000, 0x6fecd928, 0x70230000)
  to   space 3840K,   0% used [0x6fab0000, 0x6fab0000, 0x6fe70000)
 tenured generation   total 77092K, used 46253K [0x831c0000, 0x87d09000, 0xadc70000)
   the space 77092K,  59% used [0x831c0000, 0x85eeb660, 0x85eeb800, 0x87d09000)
 compacting perm gen  total 30720K, used 30602K [0xadc70000, 0xafa70000, 0xb5c70000)
   the space 30720K,  99% used [0xadc70000, 0xafa52b88, 0xafa52c00, 0xafa70000)
GC Heap History (10 events):
Event: 29.585 GC heap before
{Heap before GC invocations=33 (full 7):
 def new generation   total 34816K, used 30872K [0x6dc70000, 0x70230000, 0x831c0000)
  eden space 30976K,  99% used [0x6dc70000, 0x6fa96378, 0x6fab0000)
  from space 3840K,   0% used [0x6fab0000, 0x6fab0000, 0x6fe70000)
  to   space 3840K,   0% used [0x6fe70000, 0x6fe70000, 0x70230000)
 tenured generation   total 77092K, used 46253K [0x831c0000, 0x87d09000, 0xadc70000)
   the space 77092K,  59% used [0x831c0000, 0x85eeb660, 0x85eeb800, 0x87d09000)
 compacting perm gen  total 30720K, used 30581K [0xadc70000, 0xafa70000, 0xb5c70000)
   the space 30720K,  99% used [0xadc70000, 0xafa4d418, 0xafa4d600, 0xafa70000)
No shared spaces configured.
Event: 29.590 GC heap after
Heap after GC invocations=34 (full 7):
 def new generation   total 34816K, used 463K [0x6dc70000, 0x70230000, 0x831c0000)
  eden space 30976K,   0% used [0x6dc70000, 0x6dc70000, 0x6fab0000)
  from space 3840K,  12% used [0x6fe70000, 0x6fee3f58, 0x70230000)
  to   space 3840K,   0% used [0x6fab0000, 0x6fab0000, 0x6fe70000)
 tenured generation   total 77092K, used 46253K [0x831c0000, 0x87d09000, 0xadc70000)
   the space 77092K,  59% used [0x831c0000, 0x85eeb660, 0x85eeb800, 0x87d09000)
 compacting perm gen  total 30720K, used 30581K [0xadc70000, 0xafa70000, 0xb5c70000)
   the space 30720K,  99% used [0xadc70000, 0xafa4d418, 0xafa4d600, 0xafa70000)
No shared spaces configured.
}
Event: 36.742 GC heap before
{Heap before GC invocations=34 (full 7):
 def new generation   total 34816K, used 31439K [0x6dc70000, 0x70230000, 0x831c0000)
  eden space 30976K, 100% used [0x6dc70000, 0x6fab0000, 0x6fab0000)
  from space 3840K,  12% used [0x6fe70000, 0x6fee3f58, 0x70230000)
  to   space 3840K,   0% used [0x6fab0000, 0x6fab0000, 0x6fe70000)
 tenured generation   total 77092K, used 46253K [0x831c0000, 0x87d09000, 0xadc70000)
   the space 77092K,  59% used [0x831c0000, 0x85eeb660, 0x85eeb800, 0x87d09000)
 compacting perm gen  total 30720K, used 30585K [0xadc70000, 0xafa70000, 0xb5c70000)
   the space 30720K,  99% used [0xadc70000, 0xafa4e740, 0xafa4e800, 0xafa70000)
No shared spaces configured.
Event: 36.747 GC heap after
Heap after GC invocations=35 (full 7):
 def new generation   total 34816K, used 277K [0x6dc70000, 0x70230000, 0x831c0000)
  eden space 30976K,   0% used [0x6dc70000, 0x6dc70000, 0x6fab0000)
  from space 3840K,   7% used [0x6fab0000, 0x6faf5408, 0x6fe70000)
  to   space 3840K,   0% used [0x6fe70000, 0x6fe70000, 0x70230000)
 tenured generation   total 77092K, used 46253K [0x831c0000, 0x87d09000, 0xadc70000)
   the space 77092K,  59% used [0x831c0000, 0x85eeb660, 0x85eeb800, 0x87d09000)
 compacting perm gen  total 30720K, used 30585K [0xadc70000, 0xafa70000, 0xb5c70000)
   the space 30720K,  99% used [0xadc70000, 0xafa4e740, 0xafa4e800, 0xafa70000)
No shared spaces configured.
}
Event: 43.958 GC heap before
{Heap before GC invocations=35 (full 7):
 def new generation   total 34816K, used 31253K [0x6dc70000, 0x70230000, 0x831c0000)
  eden space 30976K, 100% used [0x6dc70000, 0x6fab0000, 0x6fab0000)
  from space 3840K,   7% used [0x6fab0000, 0x6faf5408, 0x6fe70000)
  to   space 3840K,   0% used [0x6fe70000, 0x6fe70000, 0x70230000)
 tenured generation   total 77092K, used 46253K [0x831c0000, 0x87d09000, 0xadc70000)
   the space 77092K,  59% used [0x831c0000, 0x85eeb660, 0x85eeb800, 0x87d09000)
 compacting perm gen  total 30720K, used 30585K [0xadc70000, 0xafa70000, 0xb5c70000)
   the space 30720K,  99% used [0xadc70000, 0xafa4e770, 0xafa4e800, 0xafa70000)
No shared spaces configured.
Event: 43.962 GC heap after
Heap after GC invocations=36 (full 7):
 def new generation   total 34816K, used 271K [0x6dc70000, 0x70230000, 0x831c0000)
  eden space 30976K,   0% used [0x6dc70000, 0x6dc70000, 0x6fab0000)
  from space 3840K,   7% used [0x6fe70000, 0x6feb3ce8, 0x70230000)
  to   space 3840K,   0% used [0x6fab0000, 0x6fab0000, 0x6fe70000)
 tenured generation   total 77092K, used 46253K [0x831c0000, 0x87d09000, 0xadc70000)
   the space 77092K,  59% used [0x831c0000, 0x85eeb660, 0x85eeb800, 0x87d09000)
 compacting perm gen  total 30720K, used 30585K [0xadc70000, 0xafa70000, 0xb5c70000)
   the space 30720K,  99% used [0xadc70000, 0xafa4e770, 0xafa4e800, 0xafa70000)
No shared spaces configured.
}
Event: 51.196 GC heap before
{Heap before GC invocations=36 (full 7):
 def new generation   total 34816K, used 31247K [0x6dc70000, 0x70230000, 0x831c0000)
  eden space 30976K, 100% used [0x6dc70000, 0x6fab0000, 0x6fab0000)
  from space 3840K,   7% used [0x6fe70000, 0x6feb3ce8, 0x70230000)
  to   space 3840K,   0% used [0x6fab0000, 0x6fab0000, 0x6fe70000)
 tenured generation   total 77092K, used 46253K [0x831c0000, 0x87d09000, 0xadc70000)
   the space 77092K,  59% used [0x831c0000, 0x85eeb660, 0x85eeb800, 0x87d09000)
 compacting perm gen  total 30720K, used 30600K [0xadc70000, 0xafa70000, 0xb5c70000)
   the space 30720K,  99% used [0xadc70000, 0xafa52120, 0xafa52200, 0xafa70000)
No shared spaces configured.
Event: 51.202 GC heap after
Heap after GC invocations=37 (full 7):
 def new generation   total 34816K, used 313K [0x6dc70000, 0x70230000, 0x831c0000)
  eden space 30976K,   0% used [0x6dc70000, 0x6dc70000, 0x6fab0000)
  from space 3840K,   8% used [0x6fab0000, 0x6fafe478, 0x6fe70000)
  to   space 3840K,   0% used [0x6fe70000, 0x6fe70000, 0x70230000)
 tenured generation   total 77092K, used 46253K [0x831c0000, 0x87d09000, 0xadc70000)
   the space 77092K,  59% used [0x831c0000, 0x85eeb660, 0x85eeb800, 0x87d09000)
 compacting perm gen  total 30720K, used 30600K [0xadc70000, 0xafa70000, 0xb5c70000)
   the space 30720K,  99% used [0xadc70000, 0xafa52120, 0xafa52200, 0xafa70000)
No shared spaces configured.
}
Event: 58.711 GC heap before
{Heap before GC invocations=37 (full 7):
 def new generation   total 34816K, used 31289K [0x6dc70000, 0x70230000, 0x831c0000)
  eden space 30976K, 100% used [0x6dc70000, 0x6fab0000, 0x6fab0000)
  from space 3840K,   8% used [0x6fab0000, 0x6fafe478, 0x6fe70000)
  to   space 3840K,   0% used [0x6fe70000, 0x6fe70000, 0x70230000)
 tenured generation   total 77092K, used 46253K [0x831c0000, 0x87d09000, 0xadc70000)
   the space 77092K,  59% used [0x831c0000, 0x85eeb660, 0x85eeb800, 0x87d09000)
 compacting perm gen  total 30720K, used 30601K [0xadc70000, 0xafa70000, 0xb5c70000)
   the space 30720K,  99% used [0xadc70000, 0xafa52710, 0xafa52800, 0xafa70000)
No shared spaces configured.
Event: 58.715 GC heap after
Heap after GC invocations=38 (full 7):
 def new generation   total 34816K, used 374K [0x6dc70000, 0x70230000, 0x831c0000)
  eden space 30976K,   0% used [0x6dc70000, 0x6dc70000, 0x6fab0000)
  from space 3840K,   9% used [0x6fe70000, 0x6fecd928, 0x70230000)
  to   space 3840K,   0% used [0x6fab0000, 0x6fab0000, 0x6fe70000)
 tenured generation   total 77092K, used 46253K [0x831c0000, 0x87d09000, 0xadc70000)
   the space 77092K,  59% used [0x831c0000, 0x85eeb660, 0x85eeb800, 0x87d09000)
 compacting perm gen  total 30720K, used 30601K [0xadc70000, 0xafa70000, 0xb5c70000)
   the space 30720K,  99% used [0xadc70000, 0xafa52710, 0xafa52800, 0xafa70000)
No shared spaces configured.
}

